<?xml version="1.0" encoding="UTF-8"?>
<testsuite xmlns:xsi="http://www.w3.org/2001/XMLSchema-instance" xsi:noNamespaceSchemaLocation="https://maven.apache.org/surefire/maven-surefire-plugin/xsd/surefire-test-report-3.0.xsd" version="3.0" name="TestSuite" time="76.123" tests="7" errors="0" skipped="0" failures="1">
  <properties>
[...]
</properties>
  <testcase name="verifyAccountDropdownLinksAfterLogin[myAccount, My Dashboard, My Account, /account/](1)" classname="com.evy.tests.AccountDropdownTests" time="6.401">
    <system-out><![CDATA[12:42:22.644 [main] INFO  com.evy.framework.utils.LoggerUtils - [AccountDropdown] Navigating login page
12:42:22.697 [main] INFO  com.evy.framework.utils.LoggerUtils - [AccountDropdownElements] Clicked on  account dropdown button
12:42:24.353 [main] INFO  com.evy.framework.utils.LoggerUtils - [AccountDropdownElements] Clicked on  login button
12:42:25.925 [main] INFO  com.evy.framework.utils.LoggerUtils - [AccountDropdown] Page Url Contains /login/
12:42:26.054 [main] INFO  com.evy.framework.utils.LoggerUtils - [LoginElements] Send keys to email:evy@user.email
12:42:26.156 [main] INFO  com.evy.framework.utils.LoggerUtils - [LoginElements] Send keys to password:password
12:42:26.197 [main] INFO  com.evy.framework.utils.LoggerUtils - [LoginElements] Clicked on  login button
12:42:27.901 [main] INFO  com.evy.framework.utils.LoggerUtils - [LoginPage] Navigate to Header Section
12:42:27.902 [main] INFO  com.evy.framework.utils.LoggerUtils - [AccountDropdown] Navigating to myAccount page
12:42:27.932 [main] INFO  com.evy.framework.utils.LoggerUtils - [AccountDropdownElements] Clicked on  account dropdown button
12:42:28.504 [main] INFO  com.evy.framework.utils.LoggerUtils - [AccountDropdownElements] Clicked on  my account button
12:42:28.530 [main] INFO  com.evy.framework.utils.LoggerUtils - [BasePage] Current URL: https://ecommerce.tealiumdemo.com/customer/account/
12:42:28.540 [main] INFO  com.evy.framework.utils.LoggerUtils - [BasePage] Page Title: My Account
12:42:28.583 [main] INFO  com.evy.framework.utils.LoggerUtils - [BasePage] Page Header
12:42:28.598 [main] INFO  com.evy.framework.utils.LoggerUtils - [CustomAssertions] Condition met: URL of the page after clicking on the 'myAccount' link contains /account/
12:42:28.599 [main] INFO  com.evy.framework.utils.LoggerUtils - [CustomAssertions] Condition met: Page title after clicking on the 'myAccount' link is My Account
12:42:28.599 [main] INFO  com.evy.framework.utils.LoggerUtils - [CustomAssertions] Condition met: Page header after clicking on the 'myAccount' link contains my dashboard
]]></system-out>
    <system-err><![CDATA[SLF4J: Failed to load class "org.slf4j.impl.StaticLoggerBinder".
SLF4J: Defaulting to no-operation (NOP) logger implementation
SLF4J: See http://www.slf4j.org/codes.html#StaticLoggerBinder for further details.
May 01, 2024 12:42:16 PM org.openqa.selenium.devtools.CdpVersionFinder findNearestMatch
WARNING: Unable to find an exact match for CDP version 124, returning the closest version; found: 123; Please update to a Selenium version that supports CDP version 124
]]></system-err>
  </testcase>
  <testcase name="verifyAccountDropdownLinksAfterLogin[myCart, Shopping Cart, Shopping Cart, /cart/](2)" classname="com.evy.tests.AccountDropdownTests" time="6.566">
    <system-out><![CDATA[12:42:33.608 [main] INFO  com.evy.framework.utils.LoggerUtils - [AccountDropdown] Navigating login page
12:42:33.651 [main] INFO  com.evy.framework.utils.LoggerUtils - [AccountDropdownElements] Clicked on  account dropdown button
12:42:35.292 [main] INFO  com.evy.framework.utils.LoggerUtils - [AccountDropdownElements] Clicked on  login button
12:42:36.564 [main] INFO  com.evy.framework.utils.LoggerUtils - [AccountDropdown] Page Url Contains /login/
12:42:36.692 [main] INFO  com.evy.framework.utils.LoggerUtils - [LoginElements] Send keys to email:evy@user.email
12:42:36.783 [main] INFO  com.evy.framework.utils.LoggerUtils - [LoginElements] Send keys to password:password
12:42:36.821 [main] INFO  com.evy.framework.utils.LoggerUtils - [LoginElements] Clicked on  login button
12:42:38.450 [main] INFO  com.evy.framework.utils.LoggerUtils - [LoginPage] Navigate to Header Section
12:42:38.451 [main] INFO  com.evy.framework.utils.LoggerUtils - [AccountDropdown] Navigate to myCart page 
12:42:38.482 [main] INFO  com.evy.framework.utils.LoggerUtils - [AccountDropdownElements] Clicked on  account dropdown button
12:42:39.050 [main] INFO  com.evy.framework.utils.LoggerUtils - [AccountDropdownElements] Clicked on  cart button
12:42:40.121 [main] INFO  com.evy.framework.utils.LoggerUtils - [AccountDropdown] Page Url Contains /cart/
12:42:40.129 [main] INFO  com.evy.framework.utils.LoggerUtils - [BasePage] Current URL: https://ecommerce.tealiumdemo.com/checkout/cart/
12:42:40.139 [main] INFO  com.evy.framework.utils.LoggerUtils - [BasePage] Page Title: Shopping Cart
12:42:40.168 [main] INFO  com.evy.framework.utils.LoggerUtils - [BasePage] Page Header
12:42:40.169 [main] INFO  com.evy.framework.utils.LoggerUtils - [CustomAssertions] Condition met: URL of the page after clicking on the 'myCart' link contains /cart/
12:42:40.169 [main] INFO  com.evy.framework.utils.LoggerUtils - [CustomAssertions] Condition met: Page title after clicking on the 'myCart' link is Shopping Cart
12:42:40.169 [main] INFO  com.evy.framework.utils.LoggerUtils - [CustomAssertions] Condition met: Page header after clicking on the 'myCart' link contains shopping cart
]]></system-out>
    <system-err><![CDATA[May 01, 2024 12:42:29 PM org.openqa.selenium.devtools.CdpVersionFinder findNearestMatch
WARNING: Unable to find an exact match for CDP version 124, returning the closest version; found: 123; Please update to a Selenium version that supports CDP version 124
]]></system-err>
  </testcase>
  <testcase name="verifyAccountDropdownLinksAfterLogin[myWishlist, My Wishlist, My Wishlist, /wishlist/](3)" classname="com.evy.tests.AccountDropdownTests" time="6.532">
    <system-out><![CDATA[12:42:46.470 [main] INFO  com.evy.framework.utils.LoggerUtils - [AccountDropdown] Navigating login page
12:42:46.511 [main] INFO  com.evy.framework.utils.LoggerUtils - [AccountDropdownElements] Clicked on  account dropdown button
12:42:48.151 [main] INFO  com.evy.framework.utils.LoggerUtils - [AccountDropdownElements] Clicked on  login button
12:42:49.404 [main] INFO  com.evy.framework.utils.LoggerUtils - [AccountDropdown] Page Url Contains /login/
12:42:49.524 [main] INFO  com.evy.framework.utils.LoggerUtils - [LoginElements] Send keys to email:evy@user.email
12:42:49.622 [main] INFO  com.evy.framework.utils.LoggerUtils - [LoginElements] Send keys to password:password
12:42:49.659 [main] INFO  com.evy.framework.utils.LoggerUtils - [LoginElements] Clicked on  login button
12:42:51.235 [main] INFO  com.evy.framework.utils.LoggerUtils - [LoginPage] Navigate to Header Section
12:42:51.235 [main] INFO  com.evy.framework.utils.LoggerUtils - [AccountDropdown] Navigate to myWishList page
12:42:51.269 [main] INFO  com.evy.framework.utils.LoggerUtils - [AccountDropdownElements] Clicked on  account dropdown button
12:42:51.855 [main] INFO  com.evy.framework.utils.LoggerUtils - [AccountDropdownElements] Clicked on  myWishlist button
12:42:52.953 [main] INFO  com.evy.framework.utils.LoggerUtils - [AccountDropdown] Page Url Contains /wishlist/
12:42:52.960 [main] INFO  com.evy.framework.utils.LoggerUtils - [BasePage] Current URL: https://ecommerce.tealiumdemo.com/wishlist/
12:42:52.968 [main] INFO  com.evy.framework.utils.LoggerUtils - [BasePage] Page Title: My Wishlist
12:42:52.997 [main] INFO  com.evy.framework.utils.LoggerUtils - [BasePage] Page Header
12:42:52.998 [main] INFO  com.evy.framework.utils.LoggerUtils - [CustomAssertions] Condition met: URL of the page after clicking on the 'myWishlist' link contains /wishlist/
12:42:52.998 [main] INFO  com.evy.framework.utils.LoggerUtils - [CustomAssertions] Condition met: Page title after clicking on the 'myWishlist' link is My Wishlist
12:42:52.998 [main] INFO  com.evy.framework.utils.LoggerUtils - [CustomAssertions] Condition met: Page header after clicking on the 'myWishlist' link contains my wishlist
]]></system-out>
    <system-err><![CDATA[May 01, 2024 12:42:40 PM org.openqa.selenium.devtools.CdpVersionFinder findNearestMatch
WARNING: Unable to find an exact match for CDP version 124, returning the closest version; found: 123; Please update to a Selenium version that supports CDP version 124
]]></system-err>
  </testcase>
  <testcase name="verifyAccountDropdownLinksAfterLogin[checkout, Checkout, Checkout, /checkout/](4)" classname="com.evy.tests.AccountDropdownTests" time="7.31">
    <failure message="Assertion error occurred" type="com.evy.framework.utils.CustomException"><![CDATA[com.evy.framework.utils.CustomException: Assertion error occurred
	at com.evy.framework.utils.CustomAssertions.isEqualToCondition(CustomAssertions.java:58)
	at com.evy.tests.AccountDropdownTests.verifyAccountDropdownLinksAfterLogin(AccountDropdownTests.java:53)
	at java.base/jdk.internal.reflect.NativeMethodAccessorImpl.invoke0(Native Method)
	at java.base/jdk.internal.reflect.NativeMethodAccessorImpl.invoke(NativeMethodAccessorImpl.java:77)
	at java.base/jdk.internal.reflect.DelegatingMethodAccessorImpl.invoke(DelegatingMethodAccessorImpl.java:43)
	at java.base/java.lang.reflect.Method.invoke(Method.java:568)
	at org.testng.internal.invokers.MethodInvocationHelper.invokeMethod(MethodInvocationHelper.java:141)
	at org.testng.internal.invokers.TestInvoker.invokeMethod(TestInvoker.java:686)
	at org.testng.internal.invokers.TestInvoker.invokeTestMethod(TestInvoker.java:230)
	at org.testng.internal.invokers.MethodRunner.runInSequence(MethodRunner.java:63)
	at org.testng.internal.invokers.TestInvoker$MethodInvocationAgent.invoke(TestInvoker.java:992)
	at org.testng.internal.invokers.TestInvoker.invokeTestMethods(TestInvoker.java:203)
	at org.testng.internal.invokers.TestMethodWorker.invokeTestMethods(TestMethodWorker.java:154)
	at org.testng.internal.invokers.TestMethodWorker.run(TestMethodWorker.java:134)
	at java.base/java.util.ArrayList.forEach(ArrayList.java:1511)
	at org.testng.TestRunner.privateRun(TestRunner.java:739)
	at org.testng.TestRunner.run(TestRunner.java:614)
	at org.testng.SuiteRunner.runTest(SuiteRunner.java:421)
	at org.testng.SuiteRunner.runSequentially(SuiteRunner.java:413)
	at org.testng.SuiteRunner.privateRun(SuiteRunner.java:373)
	at org.testng.SuiteRunner.run(SuiteRunner.java:312)
	at org.testng.SuiteRunnerWorker.runSuite(SuiteRunnerWorker.java:52)
	at org.testng.SuiteRunnerWorker.run(SuiteRunnerWorker.java:95)
	at org.testng.TestNG.runSuitesSequentially(TestNG.java:1274)
	at org.testng.TestNG.runSuitesLocally(TestNG.java:1208)
	at org.testng.TestNG.runSuites(TestNG.java:1112)
	at org.testng.TestNG.run(TestNG.java:1079)
	at org.apache.maven.surefire.testng.TestNGExecutor.run(TestNGExecutor.java:308)
	at org.apache.maven.surefire.testng.TestNGXmlTestSuite.execute(TestNGXmlTestSuite.java:71)
	at org.apache.maven.surefire.testng.TestNGProvider.invoke(TestNGProvider.java:113)
	at org.apache.maven.surefire.booter.ForkedBooter.runSuitesInProcess(ForkedBooter.java:385)
	at org.apache.maven.surefire.booter.ForkedBooter.execute(ForkedBooter.java:162)
	at org.apache.maven.surefire.booter.ForkedBooter.run(ForkedBooter.java:507)
	at org.apache.maven.surefire.booter.ForkedBooter.main(ForkedBooter.java:495)
Caused by: java.lang.AssertionError: Expected Page title after clicking on the 'checkout' link to be Checkout, but it was Shopping Cart.
	... 33 more
]]></failure>
    <system-out><![CDATA[12:42:58.922 [main] INFO  com.evy.framework.utils.LoggerUtils - [AccountDropdown] Navigating login page
12:42:58.964 [main] INFO  com.evy.framework.utils.LoggerUtils - [AccountDropdownElements] Clicked on  account dropdown button
12:43:00.618 [main] INFO  com.evy.framework.utils.LoggerUtils - [AccountDropdownElements] Clicked on  login button
12:43:01.707 [main] INFO  com.evy.framework.utils.LoggerUtils - [AccountDropdown] Page Url Contains /login/
12:43:01.828 [main] INFO  com.evy.framework.utils.LoggerUtils - [LoginElements] Send keys to email:evy@user.email
12:43:01.921 [main] INFO  com.evy.framework.utils.LoggerUtils - [LoginElements] Send keys to password:password
12:43:01.960 [main] INFO  com.evy.framework.utils.LoggerUtils - [LoginElements] Clicked on  login button
12:43:03.865 [main] INFO  com.evy.framework.utils.LoggerUtils - [LoginPage] Navigate to Header Section
12:43:03.865 [main] INFO  com.evy.framework.utils.LoggerUtils - [AccountDropdown] Navigate to checkout page
12:43:03.894 [main] INFO  com.evy.framework.utils.LoggerUtils - [AccountDropdownElements] Clicked on  account dropdown button
12:43:04.477 [main] INFO  com.evy.framework.utils.LoggerUtils - [AccountDropdownElements] Clicked on  checkout button
12:43:06.128 [main] INFO  com.evy.framework.utils.LoggerUtils - [AccountDropdown] Page Url Contains /checkout/
12:43:06.138 [main] INFO  com.evy.framework.utils.LoggerUtils - [BasePage] Current URL: https://ecommerce.tealiumdemo.com/checkout/cart/
12:43:06.149 [main] INFO  com.evy.framework.utils.LoggerUtils - [BasePage] Page Title: Shopping Cart
12:43:06.179 [main] INFO  com.evy.framework.utils.LoggerUtils - [BasePage] Page Header
12:43:06.179 [main] INFO  com.evy.framework.utils.LoggerUtils - [CustomAssertions] Condition met: URL of the page after clicking on the 'checkout' link contains /checkout/
12:43:06.182 [main] ERROR com.evy.framework.utils.LoggerUtils - [CustomAssertions] Assertion error occurred: Expected Page title after clicking on the 'checkout' link to be Checkout, but it was Shopping Cart.
]]></system-out>
    <system-err><![CDATA[May 01, 2024 12:42:53 PM org.openqa.selenium.devtools.CdpVersionFinder findNearestMatch
WARNING: Unable to find an exact match for CDP version 124, returning the closest version; found: 123; Please update to a Selenium version that supports CDP version 124
]]></system-err>
  </testcase>
  <testcase name="verifyAccountDropdownLinksAfterLogin[logout, You are now logged out, TealiumEcommerce Demo, /logoutSuccess/](5)" classname="com.evy.tests.AccountDropdownTests" time="6.32">
    <system-out><![CDATA[12:43:11.248 [main] INFO  com.evy.framework.utils.LoggerUtils - [AccountDropdown] Navigating login page
12:43:11.286 [main] INFO  com.evy.framework.utils.LoggerUtils - [AccountDropdownElements] Clicked on  account dropdown button
12:43:12.407 [main] INFO  com.evy.framework.utils.LoggerUtils - [AccountDropdownElements] Clicked on  login button
12:43:13.936 [main] INFO  com.evy.framework.utils.LoggerUtils - [AccountDropdown] Page Url Contains /login/
12:43:14.054 [main] INFO  com.evy.framework.utils.LoggerUtils - [LoginElements] Send keys to email:evy@user.email
12:43:14.145 [main] INFO  com.evy.framework.utils.LoggerUtils - [LoginElements] Send keys to password:password
12:43:14.179 [main] INFO  com.evy.framework.utils.LoggerUtils - [LoginElements] Clicked on  login button
12:43:15.747 [main] INFO  com.evy.framework.utils.LoggerUtils - [LoginPage] Navigate to Header Section
12:43:15.748 [main] INFO  com.evy.framework.utils.LoggerUtils - [AccountDropdown] Navigating to logout page
12:43:15.782 [main] INFO  com.evy.framework.utils.LoggerUtils - [AccountDropdownElements] Clicked on  account dropdown button
12:43:16.427 [main] INFO  com.evy.framework.utils.LoggerUtils - [AccountDropdownElements] Clicked on  logout button
12:43:17.520 [main] INFO  com.evy.framework.utils.LoggerUtils - [AccountDropdown] Page Url Contains /logoutSuccess/
12:43:17.527 [main] INFO  com.evy.framework.utils.LoggerUtils - [BasePage] Current URL: https://ecommerce.tealiumdemo.com/customer/account/logoutSuccess/
12:43:17.535 [main] INFO  com.evy.framework.utils.LoggerUtils - [BasePage] Page Title: TealiumEcommerce Demo
12:43:17.564 [main] INFO  com.evy.framework.utils.LoggerUtils - [BasePage] Page Header
12:43:17.564 [main] INFO  com.evy.framework.utils.LoggerUtils - [CustomAssertions] Condition met: URL of the page after clicking on the 'logout' link contains /logoutsuccess/
12:43:17.564 [main] INFO  com.evy.framework.utils.LoggerUtils - [CustomAssertions] Condition met: Page title after clicking on the 'logout' link is TealiumEcommerce Demo
12:43:17.564 [main] INFO  com.evy.framework.utils.LoggerUtils - [CustomAssertions] Condition met: Page header after clicking on the 'logout' link contains you are now logged out
]]></system-out>
    <system-err><![CDATA[May 01, 2024 12:43:06 PM org.openqa.selenium.devtools.CdpVersionFinder findNearestMatch
WARNING: Unable to find an exact match for CDP version 124, returning the closest version; found: 123; Please update to a Selenium version that supports CDP version 124
]]></system-err>
  </testcase>
  <testcase name="verifyAccountDropdownLinksBeforeLogin[login, Login or Create an Account, Customer Login, /login/](1)" classname="com.evy.tests.AccountDropdownTests" time="1.766">
    <system-out><![CDATA[12:43:22.372 [main] INFO  com.evy.framework.utils.LoggerUtils - [AccountDropdown] Navigating login page
12:43:22.416 [main] INFO  com.evy.framework.utils.LoggerUtils - [AccountDropdownElements] Clicked on  account dropdown button
12:43:23.002 [main] INFO  com.evy.framework.utils.LoggerUtils - [AccountDropdownElements] Clicked on  login button
12:43:24.086 [main] INFO  com.evy.framework.utils.LoggerUtils - [AccountDropdown] Page Url Contains /login/
12:43:24.095 [main] INFO  com.evy.framework.utils.LoggerUtils - [BasePage] Current URL: https://ecommerce.tealiumdemo.com/customer/account/login/
12:43:24.103 [main] INFO  com.evy.framework.utils.LoggerUtils - [BasePage] Page Title: Customer Login
12:43:24.134 [main] INFO  com.evy.framework.utils.LoggerUtils - [BasePage] Page Header
12:43:24.134 [main] INFO  com.evy.framework.utils.LoggerUtils - [CustomAssertions] Condition met: URL of the page after clicking on the 'login' link contains /login/
12:43:24.135 [main] INFO  com.evy.framework.utils.LoggerUtils - [CustomAssertions] Condition met: Page title after clicking on the 'login' link is Customer Login
12:43:24.135 [main] INFO  com.evy.framework.utils.LoggerUtils - [CustomAssertions] Condition met: Page header after clicking on the 'login' link contains login or create an account
]]></system-out>
    <system-err><![CDATA[May 01, 2024 12:43:18 PM org.openqa.selenium.devtools.CdpVersionFinder findNearestMatch
WARNING: Unable to find an exact match for CDP version 124, returning the closest version; found: 123; Please update to a Selenium version that supports CDP version 124
]]></system-err>
  </testcase>
  <testcase name="verifyAccountDropdownLinksBeforeLogin[register, Create an Account, Create New Customer Account, /account/create/](2)" classname="com.evy.tests.AccountDropdownTests" time="1.731">
    <system-out><![CDATA[12:43:28.855 [main] INFO  com.evy.framework.utils.LoggerUtils - [AccountDropdown] Navigating to register page
12:43:28.895 [main] INFO  com.evy.framework.utils.LoggerUtils - [AccountDropdownElements] Clicked on  account dropdown button
12:43:29.446 [main] INFO  com.evy.framework.utils.LoggerUtils - [AccountDropdownElements] Clicked on  register button
12:43:30.536 [main] INFO  com.evy.framework.utils.LoggerUtils - [AccountDropdown] Page Url Contains /create/
12:43:30.544 [main] INFO  com.evy.framework.utils.LoggerUtils - [BasePage] Current URL: https://ecommerce.tealiumdemo.com/customer/account/create/
12:43:30.552 [main] INFO  com.evy.framework.utils.LoggerUtils - [BasePage] Page Title: Create New Customer Account
12:43:30.583 [main] INFO  com.evy.framework.utils.LoggerUtils - [BasePage] Page Header
12:43:30.583 [main] INFO  com.evy.framework.utils.LoggerUtils - [CustomAssertions] Condition met: URL of the page after clicking on the 'register' link contains /account/create/
12:43:30.583 [main] INFO  com.evy.framework.utils.LoggerUtils - [CustomAssertions] Condition met: Page title after clicking on the 'register' link is Create New Customer Account
12:43:30.583 [main] INFO  com.evy.framework.utils.LoggerUtils - [CustomAssertions] Condition met: Page header after clicking on the 'register' link contains create an account
]]></system-out>
    <system-err><![CDATA[May 01, 2024 12:43:24 PM org.openqa.selenium.devtools.CdpVersionFinder findNearestMatch
WARNING: Unable to find an exact match for CDP version 124, returning the closest version; found: 123; Please update to a Selenium version that supports CDP version 124
]]></system-err>
  </testcase>
</testsuite>